[2019-06-25 00:08:50.249] [renderer1] [warning] UNRESPONSIVE extension host, 'vsciot-vscode.vscode-arduino' took 99% of 1068.248ms, saved PROFILE here: '/tmp/exthost-d268fd.cpuprofile' [{"id":"gc","total":3383,"percentage":0},{"id":"ms-vscode.cpptools","total":6103,"percentage":1},{"id":"self","total":3955,"percentage":0},{"id":"vsciot-vscode.vscode-arduino","total":1052350,"percentage":99},{"id":"vscode.git","total":330,"percentage":0}]
[2019-06-25 00:42:31.227] [renderer1] [error] Tree element not found: [object Object]: Error: Tree element not found: [object Object]
    at s.getElementLocation (file:///usr/share/code/resources/app/out/vs/workbench/workbench.main.js:91:674)
    at s.isCollapsed (file:///usr/share/code/resources/app/out/vs/workbench/workbench.main.js:91:14)
    at j.isCollapsed (file:///usr/share/code/resources/app/out/vs/workbench/workbench.main.js:940:572)
    at B.revealMarkersForCurrentActiveEditor (file:///usr/share/code/resources/app/out/vs/workbench/workbench.main.js:5301:237)
    at B.autoReveal (file:///usr/share/code/resources/app/out/vs/workbench/workbench.main.js:5301:94)
    at B.onActiveEditorChanged (file:///usr/share/code/resources/app/out/vs/workbench/workbench.main.js:5298:531)
    at B._register.e (file:///usr/share/code/resources/app/out/vs/workbench/workbench.main.js:5297:572)
    at d.fire (file:///usr/share/code/resources/app/out/vs/workbench/workbench.main.js:75:436)
    at setTimeout (file:///usr/share/code/resources/app/out/vs/workbench/workbench.main.js:71:973)
[2019-06-25 00:43:18.857] [renderer1] [error] Tree element not found: [object Object]: Error: Tree element not found: [object Object]
    at s.getElementLocation (file:///usr/share/code/resources/app/out/vs/workbench/workbench.main.js:91:674)
    at s.isCollapsed (file:///usr/share/code/resources/app/out/vs/workbench/workbench.main.js:91:14)
    at j.isCollapsed (file:///usr/share/code/resources/app/out/vs/workbench/workbench.main.js:940:572)
    at B.revealMarkersForCurrentActiveEditor (file:///usr/share/code/resources/app/out/vs/workbench/workbench.main.js:5301:237)
    at B.autoReveal (file:///usr/share/code/resources/app/out/vs/workbench/workbench.main.js:5301:94)
    at B.onActiveEditorChanged (file:///usr/share/code/resources/app/out/vs/workbench/workbench.main.js:5298:531)
    at B._register.e (file:///usr/share/code/resources/app/out/vs/workbench/workbench.main.js:5297:572)
    at d.fire (file:///usr/share/code/resources/app/out/vs/workbench/workbench.main.js:75:436)
    at setTimeout (file:///usr/share/code/resources/app/out/vs/workbench/workbench.main.js:71:973)
[2019-06-25 00:44:29.508] [renderer1] [error] Tree element not found: [object Object]: Error: Tree element not found: [object Object]
    at s.getElementLocation (file:///usr/share/code/resources/app/out/vs/workbench/workbench.main.js:91:674)
    at s.isCollapsed (file:///usr/share/code/resources/app/out/vs/workbench/workbench.main.js:91:14)
    at j.isCollapsed (file:///usr/share/code/resources/app/out/vs/workbench/workbench.main.js:940:572)
    at B.revealMarkersForCurrentActiveEditor (file:///usr/share/code/resources/app/out/vs/workbench/workbench.main.js:5301:237)
    at B.autoReveal (file:///usr/share/code/resources/app/out/vs/workbench/workbench.main.js:5301:94)
    at B.onActiveEditorChanged (file:///usr/share/code/resources/app/out/vs/workbench/workbench.main.js:5298:531)
    at B._register.e (file:///usr/share/code/resources/app/out/vs/workbench/workbench.main.js:5297:572)
    at d.fire (file:///usr/share/code/resources/app/out/vs/workbench/workbench.main.js:75:436)
    at setTimeout (file:///usr/share/code/resources/app/out/vs/workbench/workbench.main.js:71:973)
